<?xml version="1.0" encoding="UTF-8"?>
<testsuite xmlns:xsi="http://www.w3.org/2001/XMLSchema-instance" xsi:noNamespaceSchemaLocation="https://maven.apache.org/surefire/maven-surefire-plugin/xsd/surefire-test-report-3.0.xsd" version="3.0" name="com.lixisha.mirlab.mirlab_switch.AppTest" time="0.081" tests="1" errors="0" skipped="0" failures="0">
  <properties>
    <property name="java.specification.version" value="17"/>
    <property name="sun.jnu.encoding" value="UTF-8"/>
    <property name="java.class.path" value="/home/sojung/hy2024-senior-project/BenchmarkingTool/benchmarking3.0.7/Mirlab-REST-switch-1.0/target/test-classes:/home/sojung/hy2024-senior-project/BenchmarkingTool/benchmarking3.0.7/Mirlab-REST-switch-1.0/target/classes:/home/sojung/.m2/repository/com/jgoodies/jgoodies-forms/1.8.0/jgoodies-forms-1.8.0.jar:/home/sojung/.m2/repository/com/jgoodies/jgoodies-common/1.8.0/jgoodies-common-1.8.0.jar:/home/sojung/.m2/repository/com/ning/async-http-client/1.9.40/async-http-client-1.9.40.jar:/home/sojung/.m2/repository/org/apache/httpcomponents/httpasyncclient/4.1.4/httpasyncclient-4.1.4.jar:/home/sojung/.m2/repository/org/apache/httpcomponents/httpcore/4.4.10/httpcore-4.4.10.jar:/home/sojung/.m2/repository/org/apache/httpcomponents/httpcore-nio/4.4.10/httpcore-nio-4.4.10.jar:/home/sojung/.m2/repository/commons-logging/commons-logging/1.2/commons-logging-1.2.jar:/home/sojung/.m2/repository/javax/xml/bind/jaxb-api/2.3.1/jaxb-api-2.3.1.jar:/home/sojung/.m2/repository/javax/activation/javax.activation-api/1.2.0/javax.activation-api-1.2.0.jar:/home/sojung/.m2/repository/com/sun/xml/bind/jaxb-core/2.3.0.1/jaxb-core-2.3.0.1.jar:/home/sojung/.m2/repository/com/sun/xml/bind/jaxb-impl/2.3.1/jaxb-impl-2.3.1.jar:/home/sojung/.m2/repository/org/apache/httpcomponents/httpclient/4.5.2/httpclient-4.5.2.jar:/home/sojung/.m2/repository/commons-codec/commons-codec/1.9/commons-codec-1.9.jar:/home/sojung/.m2/repository/junit/junit/3.8.1/junit-3.8.1.jar:/home/sojung/.m2/repository/de/sciss/weblaf/1.27/weblaf-1.27.jar:/home/sojung/.m2/repository/com/thoughtworks/xstream/xstream/1.4.7/xstream-1.4.7.jar:/home/sojung/.m2/repository/net/htmlparser/jericho/jericho-html/3.3/jericho-html-3.3.jar:/home/sojung/.m2/repository/com/fifesoft/rsyntaxtextarea/2.5.0/rsyntaxtextarea-2.5.0.jar:/home/sojung/.m2/repository/com/mortennobel/java-image-scaling/0.8.5/java-image-scaling-0.8.5.jar:/home/sojung/.m2/repository/com/jhlabs/filters/2.0.235/filters-2.0.235.jar:/home/sojung/.m2/repository/io/netty/netty/3.10.5.Final/netty-3.10.5.Final.jar:/home/sojung/.m2/repository/io/netty/netty-all/4.1.1.Final/netty-all-4.1.1.Final.jar:/home/sojung/.m2/repository/org/json/json/20140107/json-20140107.jar:/home/sojung/.m2/repository/org/slf4j/slf4j-api/1.7.6/slf4j-api-1.7.6.jar:/home/sojung/.m2/repository/log4j/log4j/1.2.15/log4j-1.2.15.jar:/home/sojung/.m2/repository/org/onosproject/openflowj/0.9.2.onos/openflowj-0.9.2.onos.jar:/home/sojung/.m2/repository/com/google/code/findbugs/annotations/3.0.0/annotations-3.0.0.jar:/home/sojung/.m2/repository/com/google/guava/guava/18.0/guava-18.0.jar:/home/sojung/.m2/repository/ch/qos/logback/logback-core/1.1.3/logback-core-1.1.3.jar:/home/sojung/.m2/repository/ch/qos/logback/logback-classic/1.1.3/logback-classic-1.1.3.jar:"/>
    <property name="java.vm.vendor" value="Private Build"/>
    <property name="sun.arch.data.model" value="64"/>
    <property name="java.vendor.url" value="Unknown"/>
    <property name="os.name" value="Linux"/>
    <property name="java.vm.specification.version" value="17"/>
    <property name="sun.java.launcher" value="SUN_STANDARD"/>
    <property name="user.country" value="US"/>
    <property name="sun.boot.library.path" value="/usr/lib/jvm/java-17-openjdk-amd64/lib"/>
    <property name="sun.java.command" value="/home/sojung/hy2024-senior-project/BenchmarkingTool/benchmarking3.0.7/Mirlab-REST-switch-1.0/target/surefire/surefirebooter-20240508182059427_3.jar /home/sojung/hy2024-senior-project/BenchmarkingTool/benchmarking3.0.7/Mirlab-REST-switch-1.0/target/surefire 2024-05-08T18-20-58_999-jvmRun1 surefire-20240508182059427_1tmp surefire_0-20240508182059427_2tmp"/>
    <property name="jdk.debug" value="release"/>
    <property name="surefire.test.class.path" value="/home/sojung/hy2024-senior-project/BenchmarkingTool/benchmarking3.0.7/Mirlab-REST-switch-1.0/target/test-classes:/home/sojung/hy2024-senior-project/BenchmarkingTool/benchmarking3.0.7/Mirlab-REST-switch-1.0/target/classes:/home/sojung/.m2/repository/com/jgoodies/jgoodies-forms/1.8.0/jgoodies-forms-1.8.0.jar:/home/sojung/.m2/repository/com/jgoodies/jgoodies-common/1.8.0/jgoodies-common-1.8.0.jar:/home/sojung/.m2/repository/com/ning/async-http-client/1.9.40/async-http-client-1.9.40.jar:/home/sojung/.m2/repository/org/apache/httpcomponents/httpasyncclient/4.1.4/httpasyncclient-4.1.4.jar:/home/sojung/.m2/repository/org/apache/httpcomponents/httpcore/4.4.10/httpcore-4.4.10.jar:/home/sojung/.m2/repository/org/apache/httpcomponents/httpcore-nio/4.4.10/httpcore-nio-4.4.10.jar:/home/sojung/.m2/repository/commons-logging/commons-logging/1.2/commons-logging-1.2.jar:/home/sojung/.m2/repository/javax/xml/bind/jaxb-api/2.3.1/jaxb-api-2.3.1.jar:/home/sojung/.m2/repository/javax/activation/javax.activation-api/1.2.0/javax.activation-api-1.2.0.jar:/home/sojung/.m2/repository/com/sun/xml/bind/jaxb-core/2.3.0.1/jaxb-core-2.3.0.1.jar:/home/sojung/.m2/repository/com/sun/xml/bind/jaxb-impl/2.3.1/jaxb-impl-2.3.1.jar:/home/sojung/.m2/repository/org/apache/httpcomponents/httpclient/4.5.2/httpclient-4.5.2.jar:/home/sojung/.m2/repository/commons-codec/commons-codec/1.9/commons-codec-1.9.jar:/home/sojung/.m2/repository/junit/junit/3.8.1/junit-3.8.1.jar:/home/sojung/.m2/repository/de/sciss/weblaf/1.27/weblaf-1.27.jar:/home/sojung/.m2/repository/com/thoughtworks/xstream/xstream/1.4.7/xstream-1.4.7.jar:/home/sojung/.m2/repository/net/htmlparser/jericho/jericho-html/3.3/jericho-html-3.3.jar:/home/sojung/.m2/repository/com/fifesoft/rsyntaxtextarea/2.5.0/rsyntaxtextarea-2.5.0.jar:/home/sojung/.m2/repository/com/mortennobel/java-image-scaling/0.8.5/java-image-scaling-0.8.5.jar:/home/sojung/.m2/repository/com/jhlabs/filters/2.0.235/filters-2.0.235.jar:/home/sojung/.m2/repository/io/netty/netty/3.10.5.Final/netty-3.10.5.Final.jar:/home/sojung/.m2/repository/io/netty/netty-all/4.1.1.Final/netty-all-4.1.1.Final.jar:/home/sojung/.m2/repository/org/json/json/20140107/json-20140107.jar:/home/sojung/.m2/repository/org/slf4j/slf4j-api/1.7.6/slf4j-api-1.7.6.jar:/home/sojung/.m2/repository/log4j/log4j/1.2.15/log4j-1.2.15.jar:/home/sojung/.m2/repository/org/onosproject/openflowj/0.9.2.onos/openflowj-0.9.2.onos.jar:/home/sojung/.m2/repository/com/google/code/findbugs/annotations/3.0.0/annotations-3.0.0.jar:/home/sojung/.m2/repository/com/google/guava/guava/18.0/guava-18.0.jar:/home/sojung/.m2/repository/ch/qos/logback/logback-core/1.1.3/logback-core-1.1.3.jar:/home/sojung/.m2/repository/ch/qos/logback/logback-classic/1.1.3/logback-classic-1.1.3.jar:"/>
    <property name="sun.cpu.endian" value="little"/>
    <property name="user.home" value="/home/sojung"/>
    <property name="user.language" value="en"/>
    <property name="java.specification.vendor" value="Oracle Corporation"/>
    <property name="java.version.date" value="2024-01-16"/>
    <property name="java.home" value="/usr/lib/jvm/java-17-openjdk-amd64"/>
    <property name="file.separator" value="/"/>
    <property name="style.color" value="always"/>
    <property name="basedir" value="/home/sojung/hy2024-senior-project/BenchmarkingTool/benchmarking3.0.7/Mirlab-REST-switch-1.0"/>
    <property name="java.vm.compressedOopsMode" value="32-bit"/>
    <property name="line.separator" value="&#10;"/>
    <property name="java.vm.specification.vendor" value="Oracle Corporation"/>
    <property name="java.specification.name" value="Java Platform API Specification"/>
    <property name="surefire.real.class.path" value="/home/sojung/hy2024-senior-project/BenchmarkingTool/benchmarking3.0.7/Mirlab-REST-switch-1.0/target/surefire/surefirebooter-20240508182059427_3.jar"/>
    <property name="sun.management.compiler" value="HotSpot 64-Bit Tiered Compilers"/>
    <property name="java.runtime.version" value="17.0.10+7-Ubuntu-120.04.1"/>
    <property name="user.name" value="sojung"/>
    <property name="path.separator" value=":"/>
    <property name="os.version" value="5.15.0-101-generic"/>
    <property name="java.runtime.name" value="OpenJDK Runtime Environment"/>
    <property name="file.encoding" value="UTF-8"/>
    <property name="java.vm.name" value="OpenJDK 64-Bit Server VM"/>
    <property name="localRepository" value="/home/sojung/.m2/repository"/>
    <property name="java.vendor.url.bug" value="Unknown"/>
    <property name="java.io.tmpdir" value="/tmp"/>
    <property name="java.version" value="17.0.10"/>
    <property name="user.dir" value="/home/sojung/hy2024-senior-project/BenchmarkingTool/benchmarking3.0.7/Mirlab-REST-switch-1.0"/>
    <property name="os.arch" value="amd64"/>
    <property name="java.vm.specification.name" value="Java Virtual Machine Specification"/>
    <property name="native.encoding" value="UTF-8"/>
    <property name="java.library.path" value="/usr/java/packages/lib:/usr/lib/x86_64-linux-gnu/jni:/lib/x86_64-linux-gnu:/usr/lib/x86_64-linux-gnu:/usr/lib/jni:/lib:/usr/lib"/>
    <property name="java.vm.info" value="mixed mode, sharing"/>
    <property name="java.vendor" value="Private Build"/>
    <property name="java.vm.version" value="17.0.10+7-Ubuntu-120.04.1"/>
    <property name="sun.io.unicode.encoding" value="UnicodeLittle"/>
    <property name="java.class.version" value="61.0"/>
  </properties>
  <testcase name="testApp" classname="com.lixisha.mirlab.mirlab_switch.AppTest" time="0.003"/>
</testsuite>